<?xml version="1.0" encoding="UTF-8"?>
<robot generator="Robot 7.1.1 (Python 3.13.1 on win32)" generated="2025-01-09T10:43:40.302169" rpa="false" schemaversion="5">
<suite id="s1" name="Valid Login" source="D:\about codind\SoftwareEngineering\WebDemo\login_tests\valid_login.robot">
<test id="s1-t1" name="Valid Login" line="9">
<kw name="Open Browser To Login Page" owner="resource">
<kw name="Evaluate" owner="BuiltIn">
<msg time="2025-01-09T10:43:40.607048" level="INFO">${chrome_options} = &lt;selenium.webdriver.chrome.options.Options object at 0x00000191C502D2B0&gt;</msg>
<var>${chrome_options}</var>
<arg>sys.modules['selenium.webdriver'].ChromeOptions()</arg>
<arg>sys</arg>
<doc>Evaluates the given expression in Python and returns the result.</doc>
<status status="PASS" start="2025-01-09T10:43:40.606731" elapsed="0.000357"/>
</kw>
<kw name="Set Variable" owner="BuiltIn">
<arg>${chrome_options.binary_location}</arg>
<arg>${CHROME_BROWSER_PATH}</arg>
<doc>Returns the given values which can then be assigned to a variables.</doc>
<status status="PASS" start="2025-01-09T10:43:40.607220" elapsed="0.000421"/>
</kw>
<kw name="Evaluate" owner="BuiltIn">
<msg time="2025-01-09T10:43:40.608362" level="INFO">${service} = &lt;selenium.webdriver.chrome.service.Service object at 0x00000191C502D010&gt;</msg>
<var>${service}</var>
<arg>sys.modules["selenium.webdriver.chrome.service"].Service(executable_path=r"${CHROME_DRIVER_PATH}")</arg>
<arg>sys</arg>
<doc>Evaluates the given expression in Python and returns the result.</doc>
<status status="PASS" start="2025-01-09T10:43:40.607765" elapsed="0.000630"/>
</kw>
<kw name="Create Webdriver" owner="SeleniumLibrary">
<msg time="2025-01-09T10:43:40.608728" level="INFO">Creating an instance of the Chrome WebDriver.</msg>
<arg>Chrome</arg>
<arg>options=${chrome_options}</arg>
<arg>service=${service}</arg>
<doc>Creates an instance of Selenium WebDriver.</doc>
<status status="PASS" start="2025-01-09T10:43:40.608511" elapsed="1.173959"/>
</kw>
<kw name="Go To" owner="SeleniumLibrary">
<msg time="2025-01-09T10:43:41.783179" level="INFO">Opening url 'http://localhost:7272/'</msg>
<arg>${LOGIN URL}</arg>
<doc>Navigates the current browser window to the provided ``url``.</doc>
<status status="PASS" start="2025-01-09T10:43:41.782852" elapsed="0.610994"/>
</kw>
<kw name="Set Selenium Speed" owner="SeleniumLibrary">
<arg>${DELAY}</arg>
<doc>Sets the delay that is waited after each Selenium command.</doc>
<status status="PASS" start="2025-01-09T10:43:42.394170" elapsed="0.000472"/>
</kw>
<kw name="Login Page Should Be Open" owner="resource">
<kw name="Title Should Be" owner="SeleniumLibrary">
<msg time="2025-01-09T10:43:43.409243" level="INFO">Page title is 'Login Page'.</msg>
<arg>Login Page</arg>
<doc>Verifies that the current page title equals ``title``.</doc>
<status status="PASS" start="2025-01-09T10:43:42.395560" elapsed="1.013800"/>
</kw>
<status status="PASS" start="2025-01-09T10:43:42.395063" elapsed="1.014423"/>
</kw>
<status status="PASS" start="2025-01-09T10:43:40.606098" elapsed="2.803471"/>
</kw>
<kw name="Input Username" owner="resource">
<kw name="Input Text" owner="SeleniumLibrary">
<msg time="2025-01-09T10:43:43.410637" level="INFO">Typing text 'demo' into text field 'username_field'.</msg>
<arg>username_field</arg>
<arg>${username}</arg>
<doc>Types the given ``text`` into the text field identified by ``locator``.</doc>
<status status="PASS" start="2025-01-09T10:43:43.410285" elapsed="3.183731"/>
</kw>
<arg>demo</arg>
<status status="PASS" start="2025-01-09T10:43:43.409980" elapsed="3.184160"/>
</kw>
<kw name="Input Password" owner="resource">
<kw name="Input Text" owner="SeleniumLibrary">
<msg time="2025-01-09T10:43:46.594872" level="INFO">Typing text 'mode' into text field 'password_field'.</msg>
<arg>password_field</arg>
<arg>${password}</arg>
<doc>Types the given ``text`` into the text field identified by ``locator``.</doc>
<status status="PASS" start="2025-01-09T10:43:46.594696" elapsed="3.096426"/>
</kw>
<arg>mode</arg>
<status status="PASS" start="2025-01-09T10:43:46.594425" elapsed="3.096857"/>
</kw>
<kw name="Submit Credentials" owner="resource">
<kw name="Click Button" owner="SeleniumLibrary">
<msg time="2025-01-09T10:43:49.692271" level="INFO">Clicking button 'login_button'.</msg>
<arg>login_button</arg>
<doc>Clicks the button identified by ``locator``.</doc>
<status status="PASS" start="2025-01-09T10:43:49.692075" elapsed="3.138986"/>
</kw>
<status status="PASS" start="2025-01-09T10:43:49.691753" elapsed="3.139425"/>
</kw>
<kw name="Welcome Page Should Be Open" owner="resource">
<kw name="Location Should Be" owner="SeleniumLibrary">
<msg time="2025-01-09T10:43:53.836609" level="INFO">Current location is 'http://localhost:7272/welcome.html'.</msg>
<arg>${WELCOME URL}</arg>
<doc>Verifies that the current URL is exactly ``url``.</doc>
<status status="PASS" start="2025-01-09T10:43:52.831713" elapsed="1.005001"/>
</kw>
<kw name="Title Should Be" owner="SeleniumLibrary">
<msg time="2025-01-09T10:43:54.842931" level="INFO">Page title is 'Welcome Page'.</msg>
<arg>Welcome Page</arg>
<doc>Verifies that the current page title equals ``title``.</doc>
<status status="PASS" start="2025-01-09T10:43:53.836875" elapsed="1.006156"/>
</kw>
<status status="PASS" start="2025-01-09T10:43:52.831489" elapsed="2.011635"/>
</kw>
<kw name="Close Browser" owner="SeleniumLibrary" type="TEARDOWN">
<doc>Closes the current browser.</doc>
<status status="PASS" start="2025-01-09T10:43:54.843489" elapsed="3.347186"/>
</kw>
<status status="PASS" start="2025-01-09T10:43:40.605349" elapsed="17.585606"/>
</test>
<doc>A test suite with a single test for valid login.

This test has a workflow that is created using keywords in
the imported resource file.</doc>
<status status="PASS" start="2025-01-09T10:43:40.303791" elapsed="17.888647"/>
</suite>
<statistics>
<total>
<stat pass="1" fail="0" skip="0">All Tests</stat>
</total>
<tag>
</tag>
<suite>
<stat pass="1" fail="0" skip="0" id="s1" name="Valid Login">Valid Login</stat>
</suite>
</statistics>
<errors>
</errors>
</robot>
